Using pre-set license
Built from '2021.3/staging' branch; Version is '2021.3.23f1 (213b516bf396) revision 2177873'; Using compiler version '192829333'; Build Type 'Release'
OS: 'Windows 11  (10.0.22621) 64bit Core' Language: 'es' Physical Memory: 12132 MB
BatchMode: 1, IsHumanControllingUs: 0, StartBugReporterOnCrash: 0, Is64bit: 1, IsPro: 1

COMMAND LINE ARGUMENTS:
C:\Program Files\Unity\Hub\Editor\2021.3.23f1\Editor\Unity.exe
-adb2
-batchMode
-noUpm
-name
AssetImportWorker0
-projectPath
D:/Usuarios/denni/Downloads/RamonRiders
-logFile
Logs/AssetImportWorker0.log
-srvPort
59291
Successfully changed project path to: D:/Usuarios/denni/Downloads/RamonRiders
D:/Usuarios/denni/Downloads/RamonRiders
[UnityMemory] Configuration Parameters - Can be set up in boot.config
    "memorysetup-bucket-allocator-granularity=16"
    "memorysetup-bucket-allocator-bucket-count=8"
    "memorysetup-bucket-allocator-block-size=33554432"
    "memorysetup-bucket-allocator-block-count=8"
    "memorysetup-main-allocator-block-size=16777216"
    "memorysetup-thread-allocator-block-size=16777216"
    "memorysetup-gfx-main-allocator-block-size=16777216"
    "memorysetup-gfx-thread-allocator-block-size=16777216"
    "memorysetup-cache-allocator-block-size=4194304"
    "memorysetup-typetree-allocator-block-size=2097152"
    "memorysetup-profiler-bucket-allocator-granularity=16"
    "memorysetup-profiler-bucket-allocator-bucket-count=8"
    "memorysetup-profiler-bucket-allocator-block-size=33554432"
    "memorysetup-profiler-bucket-allocator-block-count=8"
    "memorysetup-profiler-allocator-block-size=16777216"
    "memorysetup-profiler-editor-allocator-block-size=1048576"
    "memorysetup-temp-allocator-size-main=16777216"
    "memorysetup-job-temp-allocator-block-size=2097152"
    "memorysetup-job-temp-allocator-block-size-background=1048576"
    "memorysetup-job-temp-allocator-reduction-small-platforms=262144"
    "memorysetup-temp-allocator-size-background-worker=32768"
    "memorysetup-temp-allocator-size-job-worker=262144"
    "memorysetup-temp-allocator-size-preload-manager=33554432"
    "memorysetup-temp-allocator-size-nav-mesh-worker=65536"
    "memorysetup-temp-allocator-size-audio-worker=65536"
    "memorysetup-temp-allocator-size-cloud-worker=32768"
    "memorysetup-temp-allocator-size-gi-baking-worker=262144"
    "memorysetup-temp-allocator-size-gfx=262144"
Player connection [17788] Host "[IP] 192.168.56.1 [Port] 0 [Flags] 2 [Guid] 3571547505 [EditorId] 3571547505 [Version] 1048832 [Id] WindowsEditor(7,Dennis) [Debug] 1 [PackageName] WindowsEditor [ProjectName] Editor" joined multi-casting on [225.0.0.222:54997]...

Player connection [17788] Host "[IP] 192.168.56.1 [Port] 0 [Flags] 2 [Guid] 3571547505 [EditorId] 3571547505 [Version] 1048832 [Id] WindowsEditor(7,Dennis) [Debug] 1 [PackageName] WindowsEditor [ProjectName] Editor" joined alternative multi-casting on [225.0.0.222:34997]...

Refreshing native plugins compatible for Editor in 121.29 ms, found 3 plugins.
Preloading 0 native plugins for Editor in 0.00 ms.
Initialize engine version: 2021.3.23f1 (213b516bf396)
[Subsystems] Discovering subsystems at path C:/Program Files/Unity/Hub/Editor/2021.3.23f1/Editor/Data/Resources/UnitySubsystems
[Subsystems] Discovering subsystems at path D:/Usuarios/denni/Downloads/RamonRiders/Assets
GfxDevice: creating device client; threaded=0; jobified=0
Direct3D:
    Version:  Direct3D 11.0 [level 11.1]
    Renderer: NVIDIA GeForce GTX 1050 (ID=0x1c8d)
    Vendor:   NVIDIA
    VRAM:     4021 MB
    Driver:   24.21.13.9835
Initialize mono
Mono path[0] = 'C:/Program Files/Unity/Hub/Editor/2021.3.23f1/Editor/Data/Managed'
Mono path[1] = 'C:/Program Files/Unity/Hub/Editor/2021.3.23f1/Editor/Data/MonoBleedingEdge/lib/mono/unityjit-win32'
Mono config path = 'C:/Program Files/Unity/Hub/Editor/2021.3.23f1/Editor/Data/MonoBleedingEdge/etc'
Using monoOptions --debugger-agent=transport=dt_socket,embedding=1,server=y,suspend=n,address=127.0.0.1:56108
Begin MonoManager ReloadAssembly
Registering precompiled unity dll's ...
Register platform support module: C:/Program Files/Unity/Hub/Editor/2021.3.23f1/Editor/Data/PlaybackEngines/WindowsStandaloneSupport/UnityEditor.WindowsStandalone.Extensions.dll
Registered in 0.006874 seconds.
Native extension for WindowsStandalone target not found
Refreshing native plugins compatible for Editor in 112.25 ms, found 3 plugins.
Preloading 0 native plugins for Editor in 0.00 ms.
Mono: successfully reloaded assembly
- Completed reload, in  1.077 seconds
Domain Reload Profiling:
	ReloadAssembly (1078ms)
		BeginReloadAssembly (182ms)
			ExecutionOrderSort (0ms)
			DisableScriptedObjects (0ms)
			BackupInstance (0ms)
			ReleaseScriptingObjects (0ms)
			CreateAndSetChildDomain (2ms)
		EndReloadAssembly (740ms)
			LoadAssemblies (178ms)
			RebuildTransferFunctionScriptingTraits (0ms)
			SetupTypeCache (192ms)
			ReleaseScriptCaches (0ms)
			RebuildScriptCaches (49ms)
			SetupLoadedEditorAssemblies (419ms)
				LogAssemblyErrors (0ms)
				InitializePlatformSupportModulesInManaged (12ms)
				SetLoadedEditorAssemblies (0ms)
				RefreshPlugins (112ms)
				BeforeProcessingInitializeOnLoad (3ms)
				ProcessInitializeOnLoadAttributes (223ms)
				ProcessInitializeOnLoadMethodAttributes (68ms)
				AfterProcessingInitializeOnLoad (0ms)
				EditorAssembliesLoaded (0ms)
			ExecutionOrderSort2 (0ms)
			AwakeInstancesAfterBackupRestoration (0ms)
Platform modules already initialized, skipping
Registering precompiled user dll's ...
Registered in 0.007312 seconds.
Begin MonoManager ReloadAssembly
Symbol file LoadedFromMemory doesn't match image D:\Usuarios\denni\Downloads\RamonRiders\Library\PackageCache\com.unity.visualscripting@1.8.0\Editor\VisualScripting.Core\Dependencies\YamlDotNet\Unity.VisualScripting.YamlDotNet.dll
Symbol file LoadedFromMemory doesn't match image D:\Usuarios\denni\Downloads\RamonRiders\Library\PackageCache\com.unity.visualscripting@1.8.0\Editor\VisualScripting.Core\Dependencies\DotNetZip\Unity.VisualScripting.IonicZip.dll
Native extension for WindowsStandalone target not found
Refreshing native plugins compatible for Editor in 0.65 ms, found 3 plugins.
Preloading 0 native plugins for Editor in 0.00 ms.
Mono: successfully reloaded assembly
- Completed reload, in  1.866 seconds
Domain Reload Profiling:
	ReloadAssembly (1868ms)
		BeginReloadAssembly (172ms)
			ExecutionOrderSort (0ms)
			DisableScriptedObjects (10ms)
			BackupInstance (0ms)
			ReleaseScriptingObjects (0ms)
			CreateAndSetChildDomain (28ms)
		EndReloadAssembly (1534ms)
			LoadAssemblies (132ms)
			RebuildTransferFunctionScriptingTraits (0ms)
			SetupTypeCache (556ms)
			ReleaseScriptCaches (1ms)
			RebuildScriptCaches (94ms)
			SetupLoadedEditorAssemblies (685ms)
				LogAssemblyErrors (0ms)
				InitializePlatformSupportModulesInManaged (16ms)
				SetLoadedEditorAssemblies (1ms)
				RefreshPlugins (1ms)
				BeforeProcessingInitializeOnLoad (157ms)
				ProcessInitializeOnLoadAttributes (455ms)
				ProcessInitializeOnLoadMethodAttributes (44ms)
				AfterProcessingInitializeOnLoad (12ms)
				EditorAssembliesLoaded (0ms)
			ExecutionOrderSort2 (0ms)
			AwakeInstancesAfterBackupRestoration (14ms)
Platform modules already initialized, skipping
========================================================================
Worker process is ready to serve import requests
Launched and connected shader compiler UnityShaderCompiler.exe after 0.09 seconds
Refreshing native plugins compatible for Editor in 1.58 ms, found 3 plugins.
Preloading 0 native plugins for Editor in 0.00 ms.
Unloading 3079 Unused Serialized files (Serialized files now loaded: 0)
Unloading 22 unused Assets / (56.1 KB). Loaded Objects now: 3542.
Memory consumption went from 110.3 MB to 110.3 MB.
Total: 5.453400 ms (FindLiveObjects: 0.466700 ms CreateObjectMapping: 0.316700 ms MarkObjects: 4.550500 ms  DeleteObjects: 0.118500 ms)

AssetImportParameters requested are different than current active one (requested -> active):
  custom:video-decoder-ogg-theora: a1e56fd34408186e4bbccfd4996cb3dc -> 
  custom:container-muxer-webm: aa71ff27fc2769a1b78a27578f13a17b -> 
  custom:container-demuxer-webm: 4f35f7cbe854078d1ac9338744f61a02 -> 
  custom:video-encoder-webm-vp8: eb34c28f22e8b96e1ab97ce403110664 -> 
  custom:video-codec-MediaFoundation-h265: 746d11721c4dcdbdad8f713fa42b33f4 -> 
  custom:audio-encoder-webm-vorbis: bf7c407c2cedff20999df2af8eb42d56 -> 
  custom:framework-win-MediaFoundation: 216162199b28c13a410421893ffa2e32 -> 
  custom:container-demuxer-ogg: 62fdf1f143b41e24485cea50d1cbac27 -> 
  custom:video-decoder-webm-vp8: 9c59270c3fd7afecdb556c50c9e8de78 -> 
  custom:audio-decoder-ogg-vorbis: bf7c407c2cedff20999df2af8eb42d56 -> 
========================================================================
Received Import Request.
  Time since last request: 266060.571807 seconds.
  path: Assets/modelos/kenney_city-kit-commercial/Models/FBX format/large_buildingA.fbx
  artifactKey: Guid(ac9c58722b6524ebc8d3b87939335849) Importer(815301076,1909f56bfc062723c751e8b465ee728b)
Start importing Assets/modelos/kenney_city-kit-commercial/Models/FBX format/large_buildingA.fbx using Guid(ac9c58722b6524ebc8d3b87939335849) Importer(815301076,1909f56bfc062723c751e8b465ee728b)  -> (artifact id: 'ab790adce7efd81ff6056e3480dc764d') in 0.264170 seconds 
========================================================================
Received Import Request.
  Time since last request: 100.354827 seconds.
  path: Assets/modelos/kenney_city-kit-commercial/Models/FBX format/large_buildingC.fbx
  artifactKey: Guid(8a8e1b0e592534c0a8724b3f8ead5ad6) Importer(815301076,1909f56bfc062723c751e8b465ee728b)
Start importing Assets/modelos/kenney_city-kit-commercial/Models/FBX format/large_buildingC.fbx using Guid(8a8e1b0e592534c0a8724b3f8ead5ad6) Importer(815301076,1909f56bfc062723c751e8b465ee728b)  -> (artifact id: 'e8e7fb3ab49c01997874ad0e460fb3f3') in 0.062429 seconds 
========================================================================
Received Import Request.
  Time since last request: 149.677625 seconds.
  path: Assets/modelos/kenney_city-kit-commercial/Models/FBX format/large_buildingD.fbx
  artifactKey: Guid(f76c8ec3332ca4ee9b8e2009f8a411ee) Importer(815301076,1909f56bfc062723c751e8b465ee728b)
Start importing Assets/modelos/kenney_city-kit-commercial/Models/FBX format/large_buildingD.fbx using Guid(f76c8ec3332ca4ee9b8e2009f8a411ee) Importer(815301076,1909f56bfc062723c751e8b465ee728b)  -> (artifact id: '2f16c10431326651bf7953b30b5a2894') in 0.051051 seconds 
========================================================================
Received Import Request.
  Time since last request: 1.805067 seconds.
  path: Assets/modelos/kenney_city-kit-commercial/Models/FBX format/large_buildingF.fbx
  artifactKey: Guid(dbd9eee501948475abbf7f09928976bf) Importer(815301076,1909f56bfc062723c751e8b465ee728b)
Start importing Assets/modelos/kenney_city-kit-commercial/Models/FBX format/large_buildingF.fbx using Guid(dbd9eee501948475abbf7f09928976bf) Importer(815301076,1909f56bfc062723c751e8b465ee728b)  -> (artifact id: 'b8d120662012d738c21b9488b9325c3c') in 0.062159 seconds 
========================================================================
Received Import Request.
  Time since last request: 0.632547 seconds.
  path: Assets/modelos/kenney_city-kit-commercial/Models/FBX format/large_buildingG.fbx
  artifactKey: Guid(703947f2d4a50455e9fe71c757bdf881) Importer(815301076,1909f56bfc062723c751e8b465ee728b)
Start importing Assets/modelos/kenney_city-kit-commercial/Models/FBX format/large_buildingG.fbx using Guid(703947f2d4a50455e9fe71c757bdf881) Importer(815301076,1909f56bfc062723c751e8b465ee728b)  -> (artifact id: 'e255c3d72aae355551b37edfd7e45d12') in 0.045151 seconds 
========================================================================
Received Import Request.
  Time since last request: 2.139400 seconds.
  path: Assets/modelos/kenney_city-kit-commercial/Models/FBX format/low_buildingF.fbx
  artifactKey: Guid(a31e2e20c63d8421cb48f59e85367ce5) Importer(815301076,1909f56bfc062723c751e8b465ee728b)
Start importing Assets/modelos/kenney_city-kit-commercial/Models/FBX format/low_buildingF.fbx using Guid(a31e2e20c63d8421cb48f59e85367ce5) Importer(815301076,1909f56bfc062723c751e8b465ee728b)  -> (artifact id: '6d22bef07cf3d0888f20cc66edd207dd') in 0.034972 seconds 
========================================================================
Received Import Request.
  Time since last request: 39.160798 seconds.
  path: Assets/modelos/kenney_city-kit-commercial/Models/FBX format/low_buildingD.fbx
  artifactKey: Guid(a924ea8a181084167939fd053171500d) Importer(815301076,1909f56bfc062723c751e8b465ee728b)
Start importing Assets/modelos/kenney_city-kit-commercial/Models/FBX format/low_buildingD.fbx using Guid(a924ea8a181084167939fd053171500d) Importer(815301076,1909f56bfc062723c751e8b465ee728b)  -> (artifact id: '9ebd2ca240a63d46c6b4ed274aea9f04') in 0.028537 seconds 
========================================================================
Received Import Request.
  Time since last request: 255.776546 seconds.
  path: Assets/Scenes/Level2.unity
  artifactKey: Guid(d15403883dedf42499380311b6370d70) Importer(815301076,1909f56bfc062723c751e8b465ee728b)
Start importing Assets/Scenes/Level2.unity using Guid(d15403883dedf42499380311b6370d70) Importer(815301076,1909f56bfc062723c751e8b465ee728b)  -> (artifact id: '0e58cba7d9410f2518ba77e95aca0a6b') in 0.010557 seconds 
========================================================================
Received Import Request.
  Time since last request: 2.533855 seconds.
  path: Assets/Scenes/Level2.unity
  artifactKey: Guid(d15403883dedf42499380311b6370d70) Importer(815301076,1909f56bfc062723c751e8b465ee728b)
Start importing Assets/Scenes/Level2.unity using Guid(d15403883dedf42499380311b6370d70) Importer(815301076,1909f56bfc062723c751e8b465ee728b)  -> (artifact id: 'a8de518bc975476a53ce093322975070') in 0.002732 seconds 
========================================================================
Received Import Request.
  Time since last request: 27.680300 seconds.
  path: Assets/Audio/Background.mpeg
  artifactKey: Guid(10cb65c56ea8a0542a0cf0f63a47b0db) Importer(815301076,1909f56bfc062723c751e8b465ee728b)
Start importing Assets/Audio/Background.mpeg using Guid(10cb65c56ea8a0542a0cf0f63a47b0db) Importer(815301076,1909f56bfc062723c751e8b465ee728b)  -> (artifact id: 'f171edff5c8bbc9a6839aaa521f17ade') in 0.019307 seconds 
========================================================================
Received Import Request.
  Time since last request: 8.124987 seconds.
  path: Assets/Audio
  artifactKey: Guid(0f45ae02d12c5bc4782e0c1c3dd01f77) Importer(815301076,1909f56bfc062723c751e8b465ee728b)
Start importing Assets/Audio using Guid(0f45ae02d12c5bc4782e0c1c3dd01f77) Importer(815301076,1909f56bfc062723c751e8b465ee728b)  -> (artifact id: '08b8446ed17aad08f2bafade5bf5def4') in 0.010714 seconds 
========================================================================
Received Import Request.
  Time since last request: 19.098124 seconds.
  path: Assets/Scenes/Level1.unity
  artifactKey: Guid(9fc0d4010bbf28b4594072e72b8655ab) Importer(815301076,1909f56bfc062723c751e8b465ee728b)
Start importing Assets/Scenes/Level1.unity using Guid(9fc0d4010bbf28b4594072e72b8655ab) Importer(815301076,1909f56bfc062723c751e8b465ee728b)  -> (artifact id: '47aca8aab676ce40c7592aaa2b7b7e7e') in 0.010576 seconds 
